{
  "0 debug pnpm:scope": {
    "selected": 1
  },
  "1 debug pnpm:package-manifest": {
    "initial": {
      "name": "faqs-app",
      "private": true,
      "version": "1.0.0",
      "engines": {
        "node": "^10.13 || 12 || 14 || 15",
        "npm": ">=6"
      },
      "dependencies": {
        "@testing-library/jest-dom": "5.11.9",
        "@testing-library/react": "11.2.5",
        "@testing-library/user-event": "12.6.2",
        "chalk": "4.1.0",
        "react": "17.0.1",
        "react-dom": "17.0.1"
      },
      "devDependencies": {
        "eslint-config-airbnb": "18.2.1",
        "eslint-config-prettier": "8.1.0",
        "eslint-plugin-prettier": "3.3.1",
        "husky": "4.3.8",
        "lint-staged": "10.5.4",
        "npm-run-all": "4.1.5",
        "prettier": "2.2.1",
        "react-scripts": "4.0.3"
      },
      "scripts": {
        "start": "react-scripts start",
        "build": "react-scripts build",
        "test": "react-scripts test",
        "lint": "eslint .",
        "lint:fix": "eslint --fix src/",
        "format": "prettier --write \"./src\"",
        "run-all": "npm-run-all --parallel test lint:fix"
      },
      "lint-staged": {
        "*.js": [
          "npm run lint:fix"
        ],
        "*.{js, jsx, json, html, css}": [
          "npm run format"
        ]
      },
      "husky": {
        "hooks": {
          "pre-commit": "lint-staged"
        }
      },
      "jest": {
        "collectCoverageFrom": [
          "src/**/*.js"
        ]
      },
      "browserslist": {
        "development": [
          "last 2 chrome versions",
          "last 2 firefox versions",
          "last 2 edge versions"
        ],
        "production": [
          ">1%",
          "last 4 versions",
          "Firefox ESR",
          "not ie < 11"
        ]
      }
    },
    "prefix": "/home/workspace/reactjs/coding-practices/faqsApp"
  },
  "2 debug pnpm:context": {
    "currentLockfileExists": false,
    "storeDir": "/home/workspace/.pnpm-store/v3",
    "virtualStoreDir": "/home/workspace/reactjs/coding-practices/faqsApp/node_modules/.pnpm"
  },
  "3 debug pnpm:stage": {
    "prefix": "/home/workspace/reactjs/coding-practices/faqsApp",
    "stage": "resolution_started"
  },
  "4 debug pnpm:_dependency_resolved": {
    "resolution": "registry.npmjs.org/eslint-plugin-prettier/3.3.1",
    "wanted": {
      "dependentId": ".",
      "name": "eslint-plugin-prettier",
      "rawSpec": "3.3.1"
    }
  },
  "5 debug pnpm:progress": {
    "packageId": "registry.npmjs.org/eslint-plugin-prettier/3.3.1",
    "requester": "/home/workspace/reactjs/coding-practices/faqsApp",
    "status": "resolved"
  },
  "6 debug pnpm:_dependency_resolved": {
    "resolution": "registry.npmjs.org/eslint-config-airbnb/18.2.1",
    "wanted": {
      "dependentId": ".",
      "name": "eslint-config-airbnb",
      "rawSpec": "18.2.1"
    }
  },
  "7 debug pnpm:progress": {
    "packageId": "registry.npmjs.org/eslint-config-airbnb/18.2.1",
    "requester": "/home/workspace/reactjs/coding-practices/faqsApp",
    "status": "resolved"
  },
  "8 debug pnpm:_dependency_resolved": {
    "resolution": "registry.npmjs.org/npm-run-all/4.1.5",
    "wanted": {
      "dependentId": ".",
      "name": "npm-run-all",
      "rawSpec": "4.1.5"
    }
  },
  "9 debug pnpm:progress": {
    "packageId": "registry.npmjs.org/npm-run-all/4.1.5",
    "requester": "/home/workspace/reactjs/coding-practices/faqsApp",
    "status": "resolved"
  },
  "10 debug pnpm:_dependency_resolved": {
    "resolution": "registry.npmjs.org/husky/4.3.8",
    "wanted": {
      "dependentId": ".",
      "name": "husky",
      "rawSpec": "4.3.8"
    }
  },
  "11 debug pnpm:progress": {
    "packageId": "registry.npmjs.org/husky/4.3.8",
    "requester": "/home/workspace/reactjs/coding-practices/faqsApp",
    "status": "resolved"
  },
  "12 debug pnpm:_dependency_resolved": {
    "resolution": "registry.npmjs.org/prettier/2.2.1",
    "wanted": {
      "dependentId": ".",
      "name": "prettier",
      "rawSpec": "2.2.1"
    }
  },
  "13 debug pnpm:progress": {
    "packageId": "registry.npmjs.org/prettier/2.2.1",
    "requester": "/home/workspace/reactjs/coding-practices/faqsApp",
    "status": "resolved"
  },
  "14 debug pnpm:_dependency_resolved": {
    "resolution": "registry.npmjs.org/eslint-config-prettier/8.1.0",
    "wanted": {
      "dependentId": ".",
      "name": "eslint-config-prettier",
      "rawSpec": "8.1.0"
    }
  },
  "15 debug pnpm:progress": {
    "packageId": "registry.npmjs.org/eslint-config-prettier/8.1.0",
    "requester": "/home/workspace/reactjs/coding-practices/faqsApp",
    "status": "resolved"
  },
  "16 debug pnpm:_dependency_resolved": {
    "resolution": "registry.npmjs.org/@testing-library/jest-dom/5.11.9",
    "wanted": {
      "dependentId": ".",
      "name": "@testing-library/jest-dom",
      "rawSpec": "5.11.9"
    }
  },
  "17 debug pnpm:progress": {
    "packageId": "registry.npmjs.org/@testing-library/jest-dom/5.11.9",
    "requester": "/home/workspace/reactjs/coding-practices/faqsApp",
    "status": "resolved"
  },
  "18 debug pnpm:_dependency_resolved": {
    "resolution": "registry.npmjs.org/chalk/4.1.0",
    "wanted": {
      "dependentId": ".",
      "name": "chalk",
      "rawSpec": "4.1.0"
    }
  },
  "19 debug pnpm:progress": {
    "packageId": "registry.npmjs.org/chalk/4.1.0",
    "requester": "/home/workspace/reactjs/coding-practices/faqsApp",
    "status": "resolved"
  },
  "20 debug pnpm:_dependency_resolved": {
    "resolution": "registry.npmjs.org/lint-staged/10.5.4",
    "wanted": {
      "dependentId": ".",
      "name": "lint-staged",
      "rawSpec": "10.5.4"
    }
  },
  "21 debug pnpm:progress": {
    "packageId": "registry.npmjs.org/lint-staged/10.5.4",
    "requester": "/home/workspace/reactjs/coding-practices/faqsApp",
    "status": "resolved"
  },
  "22 debug pnpm:_dependency_resolved": {
    "resolution": "registry.npmjs.org/@testing-library/react/11.2.5",
    "wanted": {
      "dependentId": ".",
      "name": "@testing-library/react",
      "rawSpec": "11.2.5"
    }
  },
  "23 debug pnpm:progress": {
    "packageId": "registry.npmjs.org/@testing-library/react/11.2.5",
    "requester": "/home/workspace/reactjs/coding-practices/faqsApp",
    "status": "resolved"
  },
  "24 debug pnpm:_dependency_resolved": {
    "resolution": "registry.npmjs.org/react-scripts/4.0.3",
    "wanted": {
      "dependentId": ".",
      "name": "react-scripts",
      "rawSpec": "4.0.3"
    }
  },
  "25 debug pnpm:progress": {
    "packageId": "registry.npmjs.org/react-scripts/4.0.3",
    "requester": "/home/workspace/reactjs/coding-practices/faqsApp",
    "status": "resolved"
  },
  "26 debug pnpm:_dependency_resolved": {
    "resolution": "registry.npmjs.org/@testing-library/user-event/12.6.2",
    "wanted": {
      "dependentId": ".",
      "name": "@testing-library/user-event",
      "rawSpec": "12.6.2"
    }
  },
  "27 debug pnpm:progress": {
    "packageId": "registry.npmjs.org/@testing-library/user-event/12.6.2",
    "requester": "/home/workspace/reactjs/coding-practices/faqsApp",
    "status": "resolved"
  },
  "28 debug pnpm:_dependency_resolved": {
    "resolution": "registry.npmjs.org/react/17.0.1",
    "wanted": {
      "dependentId": ".",
      "name": "react",
      "rawSpec": "17.0.1"
    }
  },
  "29 debug pnpm:progress": {
    "packageId": "registry.npmjs.org/react/17.0.1",
    "requester": "/home/workspace/reactjs/coding-practices/faqsApp",
    "status": "resolved"
  },
  "30 debug pnpm:_dependency_resolved": {
    "resolution": "registry.npmjs.org/react-dom/17.0.1",
    "wanted": {
      "dependentId": ".",
      "name": "react-dom",
      "rawSpec": "17.0.1"
    }
  },
  "31 debug pnpm:progress": {
    "packageId": "registry.npmjs.org/react-dom/17.0.1",
    "requester": "/home/workspace/reactjs/coding-practices/faqsApp",
    "status": "resolved"
  },
  "32 debug pnpm:fetching-progress": {
    "attempt": 1,
    "packageId": "registry.npmjs.org/husky/4.3.8",
    "size": 15570,
    "status": "started"
  },
  "33 debug pnpm:fetching-progress": {
    "attempt": 1,
    "packageId": "registry.npmjs.org/eslint-config-prettier/8.1.0",
    "size": 5339,
    "status": "started"
  },
  "34 debug pnpm:fetching-progress": {
    "attempt": 1,
    "packageId": "registry.npmjs.org/chalk/4.1.0",
    "size": 11068,
    "status": "started"
  },
  "35 debug pnpm:fetching-progress": {
    "attempt": 1,
    "packageId": "registry.npmjs.org/react/17.0.1",
    "size": 76543,
    "status": "started"
  },
  "36 debug pnpm:fetching-progress": {
    "attempt": 1,
    "packageId": "registry.npmjs.org/eslint-plugin-prettier/3.3.1",
    "size": 15180,
    "status": "started"
  },
  "37 debug pnpm:fetching-progress": {
    "attempt": 1,
    "packageId": "registry.npmjs.org/eslint-config-airbnb/18.2.1",
    "size": 18768,
    "status": "started"
  },
  "38 debug pnpm:_dependency_resolved": {
    "resolution": "registry.npmjs.org/prettier-linter-helpers/1.0.0",
    "wanted": {
      "dependentId": "/eslint-plugin-prettier/3.3.1",
      "name": "prettier-linter-helpers",
      "rawSpec": "^1.0.0"
    }
  },
  "39 debug pnpm:progress": {
    "packageId": "registry.npmjs.org/prettier-linter-helpers/1.0.0",
    "requester": "/home/workspace/reactjs/coding-practices/faqsApp",
    "status": "resolved"
  },
  "40 debug pnpm:_dependency_resolved": {
    "resolution": "registry.npmjs.org/object.assign/4.1.4",
    "wanted": {
      "dependentId": "/eslint-config-airbnb/18.2.1",
      "name": "object.assign",
      "rawSpec": "^4.1.2"
    }
  },
  "41 debug pnpm:progress": {
    "packageId": "registry.npmjs.org/object.assign/4.1.4",
    "requester": "/home/workspace/reactjs/coding-practices/faqsApp",
    "status": "resolved"
  },
  "42 debug pnpm:fetching-progress": {
    "attempt": 1,
    "packageId": "registry.npmjs.org/npm-run-all/4.1.5",
    "size": 18646,
    "status": "started"
  },
  "43 debug pnpm:fetching-progress": {
    "attempt": 1,
    "packageId": "registry.npmjs.org/react-scripts/4.0.3",
    "size": 36047,
    "status": "started"
  },
  "44 debug pnpm:fetching-progress": {
    "attempt": 1,
    "packageId": "registry.npmjs.org/lint-staged/10.5.4",
    "size": 25912,
    "status": "started"
  },
  "45 debug pnpm:_dependency_resolved": {
    "resolution": "registry.npmjs.org/eslint-config-airbnb-base/14.2.1",
    "wanted": {
      "dependentId": "/eslint-config-airbnb/18.2.1",
      "name": "eslint-config-airbnb-base",
      "rawSpec": "^14.2.1"
    }
  },
  "46 debug pnpm:progress": {
    "packageId": "registry.npmjs.org/eslint-config-airbnb-base/14.2.1",
    "requester": "/home/workspace/reactjs/coding-practices/faqsApp",
    "status": "resolved"
  },
  "47 debug pnpm:fetching-progress": {
    "attempt": 1,
    "packageId": "registry.npmjs.org/prettier/2.2.1",
    "size": 4060459,
    "status": "started"
  },
  "48 debug pnpm:_dependency_resolved": {
    "resolution": "registry.npmjs.org/object.entries/1.1.6",
    "wanted": {
      "dependentId": "/eslint-config-airbnb/18.2.1",
      "name": "object.entries",
      "rawSpec": "^1.1.2"
    }
  },
  "49 debug pnpm:progress": {
    "packageId": "registry.npmjs.org/object.entries/1.1.6",
    "requester": "/home/workspace/reactjs/coding-practices/faqsApp",
    "status": "resolved"
  },
  "50 debug pnpm:fetching-progress": {
    "attempt": 1,
    "packageId": "registry.npmjs.org/react-dom/17.0.1",
    "size": 744980,
    "status": "started"
  },
  "51 debug pnpm:progress": {
    "packageId": "registry.npmjs.org/eslint-config-prettier/8.1.0",
    "requester": "/home/workspace/reactjs/coding-practices/faqsApp",
    "status": "fetched"
  },
  "52 debug pnpm:fetching-progress": {
    "attempt": 1,
    "packageId": "registry.npmjs.org/prettier-linter-helpers/1.0.0",
    "size": 4297,
    "status": "started"
  },
  "53 debug pnpm:progress": {
    "packageId": "registry.npmjs.org/chalk/4.1.0",
    "requester": "/home/workspace/reactjs/coding-practices/faqsApp",
    "status": "fetched"
  },
  "54 debug pnpm:fetching-progress": {
    "attempt": 1,
    "packageId": "registry.npmjs.org/eslint-config-airbnb-base/14.2.1",
    "size": 22837,
    "status": "started"
  },
  "55 debug pnpm:progress": {
    "packageId": "registry.npmjs.org/eslint-plugin-prettier/3.3.1",
    "requester": "/home/workspace/reactjs/coding-practices/faqsApp",
    "status": "fetched"
  },
  "56 debug pnpm:progress": {
    "packageId": "registry.npmjs.org/husky/4.3.8",
    "requester": "/home/workspace/reactjs/coding-practices/faqsApp",
    "status": "fetched"
  },
  "57 debug pnpm:progress": {
    "packageId": "registry.npmjs.org/eslint-config-airbnb/18.2.1",
    "requester": "/home/workspace/reactjs/coding-practices/faqsApp",
    "status": "fetched"
  },
  "58 debug pnpm:progress": {
    "packageId": "registry.npmjs.org/npm-run-all/4.1.5",
    "requester": "/home/workspace/reactjs/coding-practices/faqsApp",
    "status": "fetched"
  },
  "59 debug pnpm:progress": {
    "packageId": "registry.npmjs.org/prettier-linter-helpers/1.0.0",
    "requester": "/home/workspace/reactjs/coding-practices/faqsApp",
    "status": "fetched"
  },
  "60 debug pnpm:progress": {
    "packageId": "registry.npmjs.org/lint-staged/10.5.4",
    "requester": "/home/workspace/reactjs/coding-practices/faqsApp",
    "status": "fetched"
  },
  "61 debug pnpm:progress": {
    "packageId": "registry.npmjs.org/eslint-config-airbnb-base/14.2.1",
    "requester": "/home/workspace/reactjs/coding-practices/faqsApp",
    "status": "fetched"
  },
  "62 debug pnpm:progress": {
    "packageId": "registry.npmjs.org/react-scripts/4.0.3",
    "requester": "/home/workspace/reactjs/coding-practices/faqsApp",
    "status": "fetched"
  },
  "63 debug pnpm:progress": {
    "packageId": "registry.npmjs.org/react/17.0.1",
    "requester": "/home/workspace/reactjs/coding-practices/faqsApp",
    "status": "fetched"
  },
  "64 debug pnpm:fetching-progress": {
    "attempt": 1,
    "packageId": "registry.npmjs.org/object.entries/1.1.6",
    "size": 10274,
    "status": "started"
  },
  "65 debug pnpm:_dependency_resolved": {
    "resolution": "registry.npmjs.org/chalk/2.4.2",
    "wanted": {
      "dependentId": "/npm-run-all/4.1.5",
      "name": "chalk",
      "rawSpec": "^2.4.1"
    }
  },
  "66 debug pnpm:progress": {
    "packageId": "registry.npmjs.org/chalk/2.4.2",
    "requester": "/home/workspace/reactjs/coding-practices/faqsApp",
    "status": "resolved"
  },
  "67 debug pnpm:_dependency_resolved": {
    "resolution": "registry.npmjs.org/chalk/4.1.0",
    "wanted": {
      "dependentId": "/husky/4.3.8",
      "name": "chalk",
      "rawSpec": "^4.0.0"
    }
  },
  "68 debug pnpm:progress": {
    "packageId": "registry.npmjs.org/object.entries/1.1.6",
    "requester": "/home/workspace/reactjs/coding-practices/faqsApp",
    "status": "fetched"
  },
  "69 debug pnpm:_dependency_resolved": {
    "resolution": "registry.npmjs.org/ansi-styles/3.2.1",
    "wanted": {
      "dependentId": "/npm-run-all/4.1.5",
      "name": "ansi-styles",
      "rawSpec": "^3.2.1"
    }
  },
  "70 debug pnpm:progress": {
    "packageId": "registry.npmjs.org/ansi-styles/3.2.1",
    "requester": "/home/workspace/reactjs/coding-practices/faqsApp",
    "status": "resolved"
  },
  "71 debug pnpm:_dependency_resolved": {
    "resolution": "registry.npmjs.org/pidtree/0.3.1",
    "wanted": {
      "dependentId": "/npm-run-all/4.1.5",
      "name": "pidtree",
      "rawSpec": "^0.3.0"
    }
  },
  "72 debug pnpm:progress": {
    "packageId": "registry.npmjs.org/pidtree/0.3.1",
    "requester": "/home/workspace/reactjs/coding-practices/faqsApp",
    "status": "resolved"
  },
  "73 debug pnpm:_dependency_resolved": {
    "resolution": "registry.npmjs.org/cross-spawn/6.0.5",
    "wanted": {
      "dependentId": "/npm-run-all/4.1.5",
      "name": "cross-spawn",
      "rawSpec": "^6.0.5"
    }
  },
  "74 debug pnpm:progress": {
    "packageId": "registry.npmjs.org/cross-spawn/6.0.5",
    "requester": "/home/workspace/reactjs/coding-practices/faqsApp",
    "status": "resolved"
  },
  "75 debug pnpm:_dependency_resolved": {
    "resolution": "registry.npmjs.org/read-pkg/3.0.0",
    "wanted": {
      "dependentId": "/npm-run-all/4.1.5",
      "name": "read-pkg",
      "rawSpec": "^3.0.0"
    }
  },
  "76 debug pnpm:progress": {
    "packageId": "registry.npmjs.org/read-pkg/3.0.0",
    "requester": "/home/workspace/reactjs/coding-practices/faqsApp",
    "status": "resolved"
  },
  "77 debug pnpm:_dependency_resolved": {
    "resolution": "registry.npmjs.org/memorystream/0.3.1",
    "wanted": {
      "dependentId": "/npm-run-all/4.1.5",
      "name": "memorystream",
      "rawSpec": "^0.3.1"
    }
  },
  "78 debug pnpm:progress": {
    "packageId": "registry.npmjs.org/memorystream/0.3.1",
    "requester": "/home/workspace/reactjs/coding-practices/faqsApp",
    "status": "resolved"
  },
  "79 debug pnpm:_dependency_resolved": {
    "resolution": "registry.npmjs.org/string.prototype.padend/3.1.4",
    "wanted": {
      "dependentId": "/npm-run-all/4.1.5",
      "name": "string.prototype.padend",
      "rawSpec": "^3.0.0"
    }
  },
  "80 debug pnpm:progress": {
    "packageId": "registry.npmjs.org/string.prototype.padend/3.1.4",
    "requester": "/home/workspace/reactjs/coding-practices/faqsApp",
    "status": "resolved"
  },
  "81 debug pnpm:_dependency_resolved": {
    "resolution": "registry.npmjs.org/shell-quote/1.8.0",
    "wanted": {
      "dependentId": "/npm-run-all/4.1.5",
      "name": "shell-quote",
      "rawSpec": "^1.6.1"
    }
  },
  "82 debug pnpm:progress": {
    "packageId": "registry.npmjs.org/shell-quote/1.8.0",
    "requester": "/home/workspace/reactjs/coding-practices/faqsApp",
    "status": "resolved"
  },
  "83 debug pnpm:_dependency_resolved": {
    "resolution": "registry.npmjs.org/ci-info/2.0.0",
    "wanted": {
      "dependentId": "/husky/4.3.8",
      "name": "ci-info",
      "rawSpec": "^2.0.0"
    }
  },
  "84 debug pnpm:progress": {
    "packageId": "registry.npmjs.org/ci-info/2.0.0",
    "requester": "/home/workspace/reactjs/coding-practices/faqsApp",
    "status": "resolved"
  },
  "85 debug pnpm:fetching-progress": {
    "attempt": 1,
    "packageId": "registry.npmjs.org/chalk/2.4.2",
    "size": 9865,
    "status": "started"
  },
  "86 debug pnpm:progress": {
    "packageId": "registry.npmjs.org/chalk/2.4.2",
    "requester": "/home/workspace/reactjs/coding-practices/faqsApp",
    "status": "fetched"
  },
  "87 debug pnpm:_dependency_resolved": {
    "resolution": "registry.npmjs.org/compare-versions/3.6.0",
    "wanted": {
      "dependentId": "/husky/4.3.8",
      "name": "compare-versions",
      "rawSpec": "^3.6.0"
    }
  },
  "88 debug pnpm:progress": {
    "packageId": "registry.npmjs.org/compare-versions/3.6.0",
    "requester": "/home/workspace/reactjs/coding-practices/faqsApp",
    "status": "resolved"
  },
  "89 debug pnpm:fetching-progress": {
    "attempt": 1,
    "packageId": "registry.npmjs.org/ansi-styles/3.2.1",
    "size": 3808,
    "status": "started"
  },
  "90 debug pnpm:progress": {
    "packageId": "registry.npmjs.org/ansi-styles/3.2.1",
    "requester": "/home/workspace/reactjs/coding-practices/faqsApp",
    "status": "fetched"
  },
  "91 debug pnpm:_dependency_resolved": {
    "resolution": "registry.npmjs.org/minimatch/3.1.2",
    "wanted": {
      "dependentId": "/npm-run-all/4.1.5",
      "name": "minimatch",
      "rawSpec": "^3.0.4"
    }
  },
  "92 debug pnpm:progress": {
    "packageId": "registry.npmjs.org/minimatch/3.1.2",
    "requester": "/home/workspace/reactjs/coding-practices/faqsApp",
    "status": "resolved"
  },
  "93 debug pnpm:fetching-progress": {
    "attempt": 1,
    "packageId": "registry.npmjs.org/pidtree/0.3.1",
    "size": 6680,
    "status": "started"
  },
  "94 debug pnpm:fetching-progress": {
    "attempt": 1,
    "packageId": "registry.npmjs.org/cross-spawn/6.0.5",
    "size": 7494,
    "status": "started"
  },
  "95 debug pnpm:fetching-progress": {
    "attempt": 1,
    "packageId": "registry.npmjs.org/read-pkg/3.0.0",
    "size": 2040,
    "status": "started"
  },
  "96 debug pnpm:fetching-progress": {
    "attempt": 1,
    "packageId": "registry.npmjs.org/memorystream/0.3.1",
    "size": 5523,
    "status": "started"
  },
  "97 debug pnpm:_dependency_resolved": {
    "resolution": "registry.npmjs.org/find-versions/4.0.0",
    "wanted": {
      "dependentId": "/husky/4.3.8",
      "name": "find-versions",
      "rawSpec": "^4.0.0"
    }
  },
  "98 debug pnpm:progress": {
    "packageId": "registry.npmjs.org/find-versions/4.0.0",
    "requester": "/home/workspace/reactjs/coding-practices/faqsApp",
    "status": "resolved"
  },
  "99 debug pnpm:_dependency_resolved": {
    "resolution": "registry.npmjs.org/cosmiconfig/7.1.0",
    "wanted": {
      "dependentId": "/husky/4.3.8",
      "name": "cosmiconfig",
      "rawSpec": "^7.0.0"
    }
  },
  "100 debug pnpm:progress": {
    "packageId": "registry.npmjs.org/cosmiconfig/7.1.0",
    "requester": "/home/workspace/reactjs/coding-practices/faqsApp",
    "status": "resolved"
  },
  "101 debug pnpm:progress": {
    "packageId": "registry.npmjs.org/read-pkg/3.0.0",
    "requester": "/home/workspace/reactjs/coding-practices/faqsApp",
    "status": "fetched"
  },
  "102 debug pnpm:progress": {
    "packageId": "registry.npmjs.org/cross-spawn/6.0.5",
    "requester": "/home/workspace/reactjs/coding-practices/faqsApp",
    "status": "fetched"
  },
  "103 debug pnpm:progress": {
    "packageId": "registry.npmjs.org/pidtree/0.3.1",
    "requester": "/home/workspace/reactjs/coding-practices/faqsApp",
    "status": "fetched"
  },
  "104 debug pnpm:progress": {
    "packageId": "registry.npmjs.org/memorystream/0.3.1",
    "requester": "/home/workspace/reactjs/coding-practices/faqsApp",
    "status": "fetched"
  },
  "105 debug pnpm:fetching-progress": {
    "attempt": 1,
    "packageId": "registry.npmjs.org/string.prototype.padend/3.1.4",
    "size": 6150,
    "status": "started"
  },
  "106 debug pnpm:progress": {
    "packageId": "registry.npmjs.org/string.prototype.padend/3.1.4",
    "requester": "/home/workspace/reactjs/coding-practices/faqsApp",
    "status": "fetched"
  },
  "107 debug pnpm:fetching-progress": {
    "attempt": 1,
    "packageId": "registry.npmjs.org/compare-versions/3.6.0",
    "size": 4391,
    "status": "started"
  },
  "108 debug pnpm:fetching-progress": {
    "attempt": 1,
    "packageId": "registry.npmjs.org/ci-info/2.0.0",
    "size": 4860,
    "status": "started"
  },
  "109 debug pnpm:progress": {
    "packageId": "registry.npmjs.org/ci-info/2.0.0",
    "requester": "/home/workspace/reactjs/coding-practices/faqsApp",
    "status": "fetched"
  },
  "110 debug pnpm:progress": {
    "packageId": "registry.npmjs.org/compare-versions/3.6.0",
    "requester": "/home/workspace/reactjs/coding-practices/faqsApp",
    "status": "fetched"
  },
  "111 debug pnpm:_dependency_resolved": {
    "resolution": "registry.npmjs.org/opencollective-postinstall/2.0.3",
    "wanted": {
      "dependentId": "/husky/4.3.8",
      "name": "opencollective-postinstall",
      "rawSpec": "^2.0.2"
    }
  },
  "112 debug pnpm:progress": {
    "packageId": "registry.npmjs.org/opencollective-postinstall/2.0.3",
    "requester": "/home/workspace/reactjs/coding-practices/faqsApp",
    "status": "resolved"
  },
  "113 debug pnpm:_dependency_resolved": {
    "resolution": "registry.npmjs.org/pkg-dir/5.0.0",
    "wanted": {
      "dependentId": "/husky/4.3.8",
      "name": "pkg-dir",
      "rawSpec": "^5.0.0"
    }
  },
  "114 debug pnpm:progress": {
    "packageId": "registry.npmjs.org/pkg-dir/5.0.0",
    "requester": "/home/workspace/reactjs/coding-practices/faqsApp",
    "status": "resolved"
  },
  "115 debug pnpm:_dependency_resolved": {
    "resolution": "registry.npmjs.org/chalk/3.0.0",
    "wanted": {
      "dependentId": "/@testing-library/jest-dom/5.11.9",
      "name": "chalk",
      "rawSpec": "^3.0.0"
    }
  },
  "116 debug pnpm:progress": {
    "packageId": "registry.npmjs.org/chalk/3.0.0",
    "requester": "/home/workspace/reactjs/coding-practices/faqsApp",
    "status": "resolved"
  },
  "117 debug pnpm:_dependency_resolved": {
    "resolution": "registry.npmjs.org/please-upgrade-node/3.2.0",
    "wanted": {
      "dependentId": "/husky/4.3.8",
      "name": "please-upgrade-node",
      "rawSpec": "^3.2.0"
    }
  },
  "118 debug pnpm:progress": {
    "packageId": "registry.npmjs.org/please-upgrade-node/3.2.0",
    "requester": "/home/workspace/reactjs/coding-practices/faqsApp",
    "status": "resolved"
  },
  "119 debug pnpm:fetching-progress": {
    "attempt": 1,
    "packageId": "registry.npmjs.org/cosmiconfig/7.1.0",
    "size": 24304,
    "status": "started"
  },
  "120 debug pnpm:fetching-progress": {
    "attempt": 1,
    "packageId": "registry.npmjs.org/minimatch/3.1.2",
    "size": 11940,
    "status": "started"
  },
  "121 debug pnpm:fetching-progress": {
    "attempt": 1,
    "packageId": "registry.npmjs.org/find-versions/4.0.0",
    "size": 1957,
    "status": "started"
  },
  "122 debug pnpm:fetching-progress": {
    "attempt": 1,
    "packageId": "registry.npmjs.org/shell-quote/1.8.0",
    "size": 14727,
    "status": "started"
  },
  "123 debug pnpm:_dependency_resolved": {
    "resolution": "registry.npmjs.org/slash/3.0.0",
    "wanted": {
      "dependentId": "/husky/4.3.8",
      "name": "slash",
      "rawSpec": "^3.0.0"
    }
  },
  "124 debug pnpm:progress": {
    "packageId": "registry.npmjs.org/slash/3.0.0",
    "requester": "/home/workspace/reactjs/coding-practices/faqsApp",
    "status": "resolved"
  },
  "125 debug pnpm:fetching-progress": {
    "attempt": 1,
    "packageId": "registry.npmjs.org/@testing-library/user-event/12.6.2",
    "size": 23040,
    "status": "started"
  },
  "126 debug pnpm:_dependency_resolved": {
    "resolution": "registry.npmjs.org/which-pm-runs/1.1.0",
    "wanted": {
      "dependentId": "/husky/4.3.8",
      "name": "which-pm-runs",
      "rawSpec": "^1.0.0"
    }
  },
  "127 debug pnpm:progress": {
    "packageId": "registry.npmjs.org/which-pm-runs/1.1.0",
    "requester": "/home/workspace/reactjs/coding-practices/faqsApp",
    "status": "resolved"
  },
  "128 debug pnpm:_dependency_resolved": {
    "resolution": "registry.npmjs.org/@types/testing-library__jest-dom/5.14.5",
    "wanted": {
      "dependentId": "/@testing-library/jest-dom/5.11.9",
      "name": "@types/testing-library__jest-dom",
      "rawSpec": "^5.9.1"
    }
  },
  "129 debug pnpm:progress": {
    "packageId": "registry.npmjs.org/@types/testing-library__jest-dom/5.14.5",
    "requester": "/home/workspace/reactjs/coding-practices/faqsApp",
    "status": "resolved"
  },
  "130 debug pnpm:fetching-progress": {
    "attempt": 1,
    "packageId": "registry.npmjs.org/@testing-library/react/11.2.5",
    "size": 1127207,
    "status": "started"
  },
  "131 debug pnpm:progress": {
    "packageId": "registry.npmjs.org/find-versions/4.0.0",
    "requester": "/home/workspace/reactjs/coding-practices/faqsApp",
    "status": "fetched"
  },
  "132 debug pnpm:fetching-progress": {
    "attempt": 1,
    "packageId": "registry.npmjs.org/@testing-library/jest-dom/5.11.9",
    "size": 23991,
    "status": "started"
  },
  "133 debug pnpm:progress": {
    "packageId": "registry.npmjs.org/minimatch/3.1.2",
    "requester": "/home/workspace/reactjs/coding-practices/faqsApp",
    "status": "fetched"
  },
  "134 debug pnpm:progress": {
    "packageId": "registry.npmjs.org/shell-quote/1.8.0",
    "requester": "/home/workspace/reactjs/coding-practices/faqsApp",
    "status": "fetched"
  },
  "135 debug pnpm:progress": {
    "packageId": "registry.npmjs.org/cosmiconfig/7.1.0",
    "requester": "/home/workspace/reactjs/coding-practices/faqsApp",
    "status": "fetched"
  },
  "136 debug pnpm:_dependency_resolved": {
    "resolution": "registry.npmjs.org/ansi-styles/4.3.0",
    "wanted": {
      "dependentId": "/chalk/4.1.0",
      "name": "ansi-styles",
      "rawSpec": "^4.1.0"
    }
  },
  "137 debug pnpm:progress": {
    "packageId": "registry.npmjs.org/ansi-styles/4.3.0",
    "requester": "/home/workspace/reactjs/coding-practices/faqsApp",
    "status": "resolved"
  },
  "138 debug pnpm:progress": {
    "packageId": "registry.npmjs.org/@testing-library/user-event/12.6.2",
    "requester": "/home/workspace/reactjs/coding-practices/faqsApp",
    "status": "fetched"
  },
  "139 debug pnpm:progress": {
    "packageId": "registry.npmjs.org/@testing-library/jest-dom/5.11.9",
    "requester": "/home/workspace/reactjs/coding-practices/faqsApp",
    "status": "fetched"
  },
  "140 debug pnpm:_dependency_resolved": {
    "resolution": "registry.npmjs.org/css/3.0.0",
    "wanted": {
      "dependentId": "/@testing-library/jest-dom/5.11.9",
      "name": "css",
      "rawSpec": "^3.0.0"
    }
  },
  "141 debug pnpm:progress": {
    "packageId": "registry.npmjs.org/css/3.0.0",
    "requester": "/home/workspace/reactjs/coding-practices/faqsApp",
    "status": "resolved"
  },
  "142 debug pnpm:_dependency_resolved": {
    "resolution": "registry.npmjs.org/aria-query/4.2.2",
    "wanted": {
      "dependentId": "/@testing-library/jest-dom/5.11.9",
      "name": "aria-query",
      "rawSpec": "^4.2.2"
    }
  },
  "143 debug pnpm:progress": {
    "packageId": "registry.npmjs.org/aria-query/4.2.2",
    "requester": "/home/workspace/reactjs/coding-practices/faqsApp",
    "status": "resolved"
  },
  "144 debug pnpm:fetching-progress": {
    "attempt": 1,
    "packageId": "registry.npmjs.org/pkg-dir/5.0.0",
    "size": 2273,
    "status": "started"
  },
  "145 debug pnpm:progress": {
    "packageId": "registry.npmjs.org/pkg-dir/5.0.0",
    "requester": "/home/workspace/reactjs/coding-practices/faqsApp",
    "status": "fetched"
  }
}